[2023-10-24 16:43:39,892: INFO: main: Welcome to our custom log]
[2023-10-25 14:03:32,524: INFO: common: yaml file: config\config.yaml loaded successfully]
[2023-10-25 14:03:32,526: INFO: common: yaml file: params.yaml loaded successfully]
[2023-10-25 14:32:31,825: INFO: main: Welcome to our custom log]
[2023-10-25 14:34:15,220: INFO: common: yaml file: config\config.yaml loaded successfully]
[2023-10-25 14:34:15,223: INFO: common: yaml file: params.yaml loaded successfully]
[2023-10-25 14:40:46,471: INFO: common: yaml file: config\config.yaml loaded successfully]
[2023-10-25 14:40:46,480: INFO: common: yaml file: params.yaml loaded successfully]
[2023-10-25 14:40:46,481: INFO: common: created directory at: artifacts]
[2023-10-25 14:40:46,484: INFO: common: created directory at: artifacts/data_ingestion]
[2023-10-25 14:44:30,697: INFO: common: yaml file: config\config.yaml loaded successfully]
[2023-10-25 14:44:30,700: INFO: common: yaml file: params.yaml loaded successfully]
[2023-10-25 14:44:30,701: INFO: common: created directory at: artifacts]
[2023-10-25 14:44:30,702: INFO: common: created directory at: artifacts/data_ingestion]
[2023-10-25 14:48:18,007: INFO: common: yaml file: config\config.yaml loaded successfully]
[2023-10-25 14:48:18,011: INFO: common: yaml file: params.yaml loaded successfully]
[2023-10-25 14:48:18,012: INFO: common: created directory at: artifacts]
[2023-10-25 14:48:18,014: INFO: common: created directory at: artifacts/data_ingestion]
[2023-10-25 14:49:47,010: INFO: common: yaml file: config\config.yaml loaded successfully]
[2023-10-25 14:49:47,013: INFO: common: yaml file: params.yaml loaded successfully]
[2023-10-25 14:49:47,015: INFO: common: created directory at: artifacts]
[2023-10-25 14:49:47,017: INFO: common: created directory at: artifacts/data_ingestion]
[2023-10-25 14:50:10,548: INFO: common: yaml file: config\config.yaml loaded successfully]
[2023-10-25 14:50:10,551: INFO: common: yaml file: params.yaml loaded successfully]
[2023-10-25 14:50:10,555: INFO: common: created directory at: artifacts]
[2023-10-25 14:50:10,558: INFO: common: created directory at: artifacts/data_ingestion]
[2023-10-25 14:52:32,561: INFO: common: yaml file: config\config.yaml loaded successfully]
[2023-10-25 14:52:32,563: INFO: common: yaml file: params.yaml loaded successfully]
[2023-10-25 14:52:32,564: INFO: common: created directory at: artifacts]
[2023-10-25 14:52:32,565: INFO: common: created directory at: artifacts/data_ingestion]
[2023-10-25 14:52:34,732: INFO: 1434958058: artifacts/data_ingestion/data.zip download! with following info: 
Connection: close
Content-Length: 7903594
Cache-Control: max-age=300
Content-Security-Policy: default-src 'none'; style-src 'unsafe-inline'; sandbox
Content-Type: application/zip
ETag: "dbc016a060da18070593b83afff580c9b300f0b6ea4147a7988433e04df246ca"
Strict-Transport-Security: max-age=31536000
X-Content-Type-Options: nosniff
X-Frame-Options: deny
X-XSS-Protection: 1; mode=block
X-GitHub-Request-Id: 23AA:4FF0:3E3516:4B2BC2:65398E20
Accept-Ranges: bytes
Date: Wed, 25 Oct 2023 21:52:34 GMT
Via: 1.1 varnish
X-Served-By: cache-bur-kbur8200063-BUR
X-Cache: MISS
X-Cache-Hits: 0
X-Timer: S1698270754.672637,VS0,VE708
Vary: Authorization,Accept-Encoding,Origin
Access-Control-Allow-Origin: *
Cross-Origin-Resource-Policy: cross-origin
X-Fastly-Request-ID: a24c301a20be2ba3e66851868066a521a012c68d
Expires: Wed, 25 Oct 2023 21:57:34 GMT
Source-Age: 1

]
[2023-10-25 15:15:57,269: INFO: main: >>>>>> stage Data Ingestion stage started <<<<<<]
[2023-10-25 15:15:57,270: INFO: common: yaml file: config\config.yaml loaded successfully]
[2023-10-25 15:15:57,271: INFO: common: yaml file: params.yaml loaded successfully]
[2023-10-25 15:15:57,272: INFO: common: created directory at: artifacts]
[2023-10-25 15:15:57,272: INFO: common: created directory at: artifacts/data_ingestion]
[2023-10-25 15:15:57,273: INFO: data_ingestion: File already exists of size: ~ 7718 KB]
[2023-10-25 15:15:57,381: INFO: main: >>>>>> stage Data Ingestion stage completed <<<<<<

x==========x]
[2023-10-25 15:16:33,517: INFO: main: >>>>>> stage Data Ingestion stage started <<<<<<]
[2023-10-25 15:16:33,519: INFO: common: yaml file: config\config.yaml loaded successfully]
[2023-10-25 15:16:33,520: INFO: common: yaml file: params.yaml loaded successfully]
[2023-10-25 15:16:33,521: INFO: common: created directory at: artifacts]
[2023-10-25 15:16:33,521: INFO: common: created directory at: artifacts/data_ingestion]
[2023-10-25 15:16:35,138: INFO: data_ingestion: artifacts/data_ingestion/data.zip download! with following info: 
Connection: close
Content-Length: 7903594
Cache-Control: max-age=300
Content-Security-Policy: default-src 'none'; style-src 'unsafe-inline'; sandbox
Content-Type: application/zip
ETag: "dbc016a060da18070593b83afff580c9b300f0b6ea4147a7988433e04df246ca"
Strict-Transport-Security: max-age=31536000
X-Content-Type-Options: nosniff
X-Frame-Options: deny
X-XSS-Protection: 1; mode=block
X-GitHub-Request-Id: 23AA:4FF0:3E3516:4B2BC2:65398E20
Accept-Ranges: bytes
Date: Wed, 25 Oct 2023 22:16:34 GMT
Via: 1.1 varnish
X-Served-By: cache-bur-kbur8200058-BUR
X-Cache: HIT
X-Cache-Hits: 0
X-Timer: S1698272195.588969,VS0,VE173
Vary: Authorization,Accept-Encoding,Origin
Access-Control-Allow-Origin: *
Cross-Origin-Resource-Policy: cross-origin
X-Fastly-Request-ID: 5500c234fdbe97654f9860ec5d1f91afbad55bdc
Expires: Wed, 25 Oct 2023 22:21:34 GMT
Source-Age: 0

]
[2023-10-25 15:16:35,254: INFO: main: >>>>>> stage Data Ingestion stage completed <<<<<<

x==========x]
